<?xml version="1.0" encoding="UTF-8"?>
<!-- Generated by org.testng.reporters.JUnitXMLReporter -->
<testsuite ignored="2" hostname="DESKTOP-CSNQIQB" failures="0" tests="1" name="Default test" time="94.511" errors="0" timestamp="2023-05-17T07:09:39 IST">
  <testcase classname="testngpgms.Alertwindowspgm" name="alertEntertextandokorcancle" time="57.821"/>
  <testcase classname="testngpgms.Alertwindowspgm" name="alertkOrcancle" time="0.0">
    <ignored/>
  </testcase> <!-- alertkOrcancle -->
  <testcase classname="testngpgms.Alertwindowspgm" name="alertWindowsok" time="0.0">
    <ignored/>
  </testcase> <!-- alertWindowsok -->
</testsuite> <!-- Default test -->
