<?xml version="1.0" encoding="UTF-8"?>
<!-- Generated by org.testng.reporters.JUnitXMLReporter -->
<testsuite ignored="4" hostname="DESKTOP-CSNQIQB" failures="0" tests="2" name="Test" time="29.162" errors="0" timestamp="2023-05-12T07:18:24 IST">
  <testcase classname="testngpgms.TestngSuitegroups" name="swiggy" time="6.715"/>
  <testcase classname="testngpgms.TestngSuitegroups" name="zomato" time="11.278"/>
  <testcase classname="testngpgms.TestngSuitegroups" name="selenium" time="0.0">
    <ignored/>
  </testcase> <!-- selenium -->
  <testcase classname="testngpgms.TestngSuitegroups" name="facebook" time="0.0">
    <ignored/>
  </testcase> <!-- facebook -->
  <testcase classname="testngpgms.TestngSuitegroups" name="gmail" time="0.0">
    <ignored/>
  </testcase> <!-- gmail -->
  <testcase classname="testngpgms.TestngSuitegroups" name="redmine" time="0.0">
    <ignored/>
  </testcase> <!-- redmine -->
</testsuite> <!-- Test -->
